2015-02-26 15:39:30.421 [IPControllerApp] Hub listening on tcp://127.0.0.1:40551 for registration.
2015-02-26 15:39:30.423 [IPControllerApp] Hub using DB backend: 'NoDB'
2015-02-26 15:39:30.676 [IPControllerApp] hub::created hub
2015-02-26 15:39:30.676 [IPControllerApp] writing connection info to /home/johnb/.ipython/profile_default/security/ipcontroller-client.json
2015-02-26 15:39:30.677 [IPControllerApp] writing connection info to /home/johnb/.ipython/profile_default/security/ipcontroller-engine.json
2015-02-26 15:39:30.677 [IPControllerApp] task::using Python leastload Task scheduler
2015-02-26 15:39:30.678 [IPControllerApp] Heartmonitor started
2015-02-26 15:39:30.737 [IPControllerApp] Creating pid file: /home/johnb/.ipython/profile_default/pid/ipcontroller.pid
2015-02-26 15:39:30.743 [IPControllerApp] client::client '\x00\x00\x7f\xa1\xaa' requested 'connection_request'
2015-02-26 15:39:30.743 [IPControllerApp] client::client ['\x00\x00\x7f\xa1\xaa'] connected
2015-02-26 15:39:31.358 [IPControllerApp] client::client '8ca2fd6f-f0a1-4184-8e22-fd9341e6248e' requested 'registration_request'
2015-02-26 15:39:31.510 [IPControllerApp] client::client '9e53c459-49d0-4b5a-8de7-81bffcc5516d' requested 'registration_request'
2015-02-26 15:39:31.559 [IPControllerApp] client::client '89c7b0f1-c28a-4189-9ba5-1149e10c7862' requested 'registration_request'
2015-02-26 15:39:31.643 [IPControllerApp] WARNING | iopub::IOPub message lacks parent: {'parent_header': {}, 'msg_type': 'status', 'msg_id': 'd59f5d2a-373f-4b7e-beea-2bde9825925f', 'content': {'execution_state': 'starting'}, 'header': {'date': datetime.datetime(2015, 2, 26, 15, 39, 31, 642456), 'username': 'root', 'session': '8ca2fd6f-f0a1-4184-8e22-fd9341e6248e', 'msg_id': 'd59f5d2a-373f-4b7e-beea-2bde9825925f', 'msg_type': 'status'}, 'buffers': [], 'metadata': {}}
2015-02-26 15:39:31.661 [IPControllerApp] client::client '5dc07f41-349a-410d-9f94-dae2f207a175' requested 'registration_request'
2015-02-26 15:39:31.764 [IPControllerApp] WARNING | iopub::IOPub message lacks parent: {'parent_header': {}, 'msg_type': 'status', 'msg_id': '90d651d0-1d62-4436-9b96-8b91499a4f65', 'content': {'execution_state': 'starting'}, 'header': {'date': datetime.datetime(2015, 2, 26, 15, 39, 31, 763649), 'username': 'root', 'session': '9e53c459-49d0-4b5a-8de7-81bffcc5516d', 'msg_id': '90d651d0-1d62-4436-9b96-8b91499a4f65', 'msg_type': 'status'}, 'buffers': [], 'metadata': {}}
2015-02-26 15:39:31.849 [IPControllerApp] WARNING | iopub::IOPub message lacks parent: {'parent_header': {}, 'msg_type': 'status', 'msg_id': 'd15e211b-8e21-41a8-a508-7e7b41334e0e', 'content': {'execution_state': 'starting'}, 'header': {'date': datetime.datetime(2015, 2, 26, 15, 39, 31, 848550), 'username': 'root', 'session': '89c7b0f1-c28a-4189-9ba5-1149e10c7862', 'msg_id': 'd15e211b-8e21-41a8-a508-7e7b41334e0e', 'msg_type': 'status'}, 'buffers': [], 'metadata': {}}
2015-02-26 15:39:31.936 [IPControllerApp] WARNING | iopub::IOPub message lacks parent: {'parent_header': {}, 'msg_type': 'status', 'msg_id': 'f7283725-6335-4ff1-a335-b334aab80e4b', 'content': {'execution_state': 'starting'}, 'header': {'date': datetime.datetime(2015, 2, 26, 15, 39, 31, 935270), 'username': 'root', 'session': '5dc07f41-349a-410d-9f94-dae2f207a175', 'msg_id': 'f7283725-6335-4ff1-a335-b334aab80e4b', 'msg_type': 'status'}, 'buffers': [], 'metadata': {}}
2015-02-26 15:39:36.679 [IPControllerApp] registration::finished registering engine 0:8ca2fd6f-f0a1-4184-8e22-fd9341e6248e
2015-02-26 15:39:36.679 [IPControllerApp] engine::Engine Connected: 0
2015-02-26 15:39:36.680 [IPControllerApp] registration::finished registering engine 2:89c7b0f1-c28a-4189-9ba5-1149e10c7862
2015-02-26 15:39:36.680 [IPControllerApp] engine::Engine Connected: 2
2015-02-26 15:39:36.681 [IPControllerApp] registration::finished registering engine 1:9e53c459-49d0-4b5a-8de7-81bffcc5516d
2015-02-26 15:39:36.681 [IPControllerApp] engine::Engine Connected: 1
2015-02-26 15:39:36.682 [IPControllerApp] registration::finished registering engine 3:5dc07f41-349a-410d-9f94-dae2f207a175
2015-02-26 15:39:36.682 [IPControllerApp] engine::Engine Connected: 3
2015-02-26 16:00:02.325 [IPControllerApp] CRITICAL | Received signal 2, shutting down
2015-02-26 16:00:02.335 [IPControllerApp] CRITICAL | terminating children...
