2015-01-24 05:33:15.991 [IPControllerApp] Hub listening on tcp://127.0.0.1:53416 for registration.
2015-01-24 05:33:15.994 [IPControllerApp] Hub using DB backend: 'NoDB'
2015-01-24 05:33:16.247 [IPControllerApp] hub::created hub
2015-01-24 05:33:16.247 [IPControllerApp] writing connection info to /home/johnb/.ipython/profile_default/security/ipcontroller-client.json
2015-01-24 05:33:16.248 [IPControllerApp] writing connection info to /home/johnb/.ipython/profile_default/security/ipcontroller-engine.json
2015-01-24 05:33:16.249 [IPControllerApp] task::using Python leastload Task scheduler
2015-01-24 05:33:16.249 [IPControllerApp] Heartmonitor started
2015-01-24 05:33:16.276 [IPControllerApp] Creating pid file: /home/johnb/.ipython/profile_default/pid/ipcontroller.pid
2015-01-24 05:33:16.282 [IPControllerApp] client::client '\x00Uzj\x06' requested 'connection_request'
2015-01-24 05:33:16.283 [IPControllerApp] client::client ['\x00Uzj\x06'] connected
2015-01-24 05:33:16.372 [IPControllerApp] client::client '600ae55e-6b21-42dd-b38b-72fe771646ca' requested 'registration_request'
2015-01-24 05:33:16.375 [IPControllerApp] client::client '7e08ffb1-1617-4c85-9003-39b347236192' requested 'registration_request'
2015-01-24 05:33:16.377 [IPControllerApp] client::client '8dd4102b-9c38-452b-b04e-953819dc6a33' requested 'registration_request'
2015-01-24 05:33:17.716 [IPControllerApp] WARNING | iopub::IOPub message lacks parent: {'parent_header': {}, 'msg_type': 'status', 'msg_id': '1ab80b10-ae7f-4e9f-a67b-3ea49c25f2bc', 'content': {'execution_state': 'starting'}, 'header': {'date': datetime.datetime(2015, 1, 24, 5, 33, 17, 715722), 'username': 'root', 'session': '7e08ffb1-1617-4c85-9003-39b347236192', 'msg_id': '1ab80b10-ae7f-4e9f-a67b-3ea49c25f2bc', 'msg_type': 'status'}, 'buffers': [], 'metadata': {}}
2015-01-24 05:33:17.717 [IPControllerApp] WARNING | iopub::IOPub message lacks parent: {'parent_header': {}, 'msg_type': 'status', 'msg_id': '3fa0f87d-e182-4025-8201-aee84163ee3e', 'content': {'execution_state': 'starting'}, 'header': {'date': datetime.datetime(2015, 1, 24, 5, 33, 17, 715897), 'username': 'root', 'session': '8dd4102b-9c38-452b-b04e-953819dc6a33', 'msg_id': '3fa0f87d-e182-4025-8201-aee84163ee3e', 'msg_type': 'status'}, 'buffers': [], 'metadata': {}}
2015-01-24 05:33:17.718 [IPControllerApp] WARNING | iopub::IOPub message lacks parent: {'parent_header': {}, 'msg_type': 'status', 'msg_id': '2f381f13-6488-47c4-9860-0a9363bc3850', 'content': {'execution_state': 'starting'}, 'header': {'date': datetime.datetime(2015, 1, 24, 5, 33, 17, 717660), 'username': 'root', 'session': '600ae55e-6b21-42dd-b38b-72fe771646ca', 'msg_id': '2f381f13-6488-47c4-9860-0a9363bc3850', 'msg_type': 'status'}, 'buffers': [], 'metadata': {}}
2015-01-24 05:33:22.250 [IPControllerApp] registration::finished registering engine 0:600ae55e-6b21-42dd-b38b-72fe771646ca
2015-01-24 05:33:22.251 [IPControllerApp] engine::Engine Connected: 0
2015-01-24 05:33:22.251 [IPControllerApp] registration::finished registering engine 2:8dd4102b-9c38-452b-b04e-953819dc6a33
2015-01-24 05:33:22.252 [IPControllerApp] engine::Engine Connected: 2
2015-01-24 05:33:22.252 [IPControllerApp] registration::finished registering engine 1:7e08ffb1-1617-4c85-9003-39b347236192
2015-01-24 05:33:22.253 [IPControllerApp] engine::Engine Connected: 1
