2015-02-25 23:36:47.893 [IPControllerApp] Hub listening on tcp://127.0.0.1:59717 for registration.
2015-02-25 23:36:47.897 [IPControllerApp] Hub using DB backend: 'NoDB'
2015-02-25 23:36:48.149 [IPControllerApp] hub::created hub
2015-02-25 23:36:48.149 [IPControllerApp] writing connection info to /home/johnb/.ipython/profile_default/security/ipcontroller-client.json
2015-02-25 23:36:48.150 [IPControllerApp] writing connection info to /home/johnb/.ipython/profile_default/security/ipcontroller-engine.json
2015-02-25 23:36:48.151 [IPControllerApp] task::using Python leastload Task scheduler
2015-02-25 23:36:48.151 [IPControllerApp] Heartmonitor started
2015-02-25 23:36:48.192 [IPControllerApp] Creating pid file: /home/johnb/.ipython/profile_default/pid/ipcontroller.pid
2015-02-25 23:36:48.203 [IPControllerApp] client::client '\x00/\xcfK\x9a' requested 'connection_request'
2015-02-25 23:36:48.203 [IPControllerApp] client::client ['\x00/\xcfK\x9a'] connected
2015-02-25 23:36:48.937 [IPControllerApp] client::client '700c864a-4bd0-4b75-98b1-d5dde9ac34c0' requested 'registration_request'
2015-02-25 23:36:48.959 [IPControllerApp] client::client '4a0a6b9c-c5e9-4b97-88b8-a9a2197ee135' requested 'registration_request'
2015-02-25 23:36:49.255 [IPControllerApp] WARNING | iopub::IOPub message lacks parent: {'parent_header': {}, 'msg_type': 'status', 'msg_id': '986d4d78-2c2e-4fe9-9a78-62a85b40036d', 'content': {'execution_state': 'starting'}, 'header': {'date': datetime.datetime(2015, 2, 25, 23, 36, 49, 253703), 'username': 'root', 'session': '700c864a-4bd0-4b75-98b1-d5dde9ac34c0', 'msg_id': '986d4d78-2c2e-4fe9-9a78-62a85b40036d', 'msg_type': 'status'}, 'buffers': [], 'metadata': {}}
2015-02-25 23:36:49.266 [IPControllerApp] WARNING | iopub::IOPub message lacks parent: {'parent_header': {}, 'msg_type': 'status', 'msg_id': '16f226f4-7a29-41f7-bdf9-bbd604469950', 'content': {'execution_state': 'starting'}, 'header': {'date': datetime.datetime(2015, 2, 25, 23, 36, 49, 265419), 'username': 'root', 'session': '4a0a6b9c-c5e9-4b97-88b8-a9a2197ee135', 'msg_id': '16f226f4-7a29-41f7-bdf9-bbd604469950', 'msg_type': 'status'}, 'buffers': [], 'metadata': {}}
2015-02-25 23:36:54.153 [IPControllerApp] registration::finished registering engine 1:4a0a6b9c-c5e9-4b97-88b8-a9a2197ee135
2015-02-25 23:36:54.153 [IPControllerApp] engine::Engine Connected: 1
2015-02-25 23:36:54.154 [IPControllerApp] registration::finished registering engine 0:700c864a-4bd0-4b75-98b1-d5dde9ac34c0
2015-02-25 23:36:54.155 [IPControllerApp] engine::Engine Connected: 0
2015-02-25 23:55:23.567 [IPControllerApp] CRITICAL | Received signal 2, shutting down
2015-02-25 23:55:23.568 [IPControllerApp] CRITICAL | terminating children...
