2015-02-25 20:47:54.350 [IPControllerApp] Hub listening on tcp://127.0.0.1:33550 for registration.
2015-02-25 20:47:54.354 [IPControllerApp] Hub using DB backend: 'NoDB'
2015-02-25 20:47:54.607 [IPControllerApp] hub::created hub
2015-02-25 20:47:54.608 [IPControllerApp] writing connection info to /home/johnb/.ipython/profile_default/security/ipcontroller-client.json
2015-02-25 20:47:54.608 [IPControllerApp] writing connection info to /home/johnb/.ipython/profile_default/security/ipcontroller-engine.json
2015-02-25 20:47:54.609 [IPControllerApp] task::using Python leastload Task scheduler
2015-02-25 20:47:54.609 [IPControllerApp] Heartmonitor started
2015-02-25 20:47:54.669 [IPControllerApp] Creating pid file: /home/johnb/.ipython/profile_default/pid/ipcontroller.pid
2015-02-25 20:47:54.676 [IPControllerApp] client::client '\x00,\x90\xd1\xd4' requested 'connection_request'
2015-02-25 20:47:54.676 [IPControllerApp] client::client ['\x00,\x90\xd1\xd4'] connected
2015-02-25 20:47:55.473 [IPControllerApp] client::client 'bf281fa1-39c1-4461-9b32-3930f2d5d500' requested 'registration_request'
2015-02-25 20:47:55.648 [IPControllerApp] client::client '3f2c9bdf-0850-4169-b856-c9d24b2ae88f' requested 'registration_request'
2015-02-25 20:47:55.854 [IPControllerApp] client::client '6143eaea-c21a-4ccc-9171-35197059f930' requested 'registration_request'
2015-02-25 20:47:55.871 [IPControllerApp] client::client '7b84abc9-1c6c-4eba-9963-4f14cf3c416b' requested 'registration_request'
2015-02-25 20:47:55.894 [IPControllerApp] WARNING | iopub::IOPub message lacks parent: {'parent_header': {}, 'msg_type': 'status', 'msg_id': 'a24a3532-c443-4efd-8ad0-7e22e7fc200b', 'content': {'execution_state': 'starting'}, 'header': {'date': datetime.datetime(2015, 2, 25, 20, 47, 55, 893298), 'username': 'root', 'session': 'bf281fa1-39c1-4461-9b32-3930f2d5d500', 'msg_id': 'a24a3532-c443-4efd-8ad0-7e22e7fc200b', 'msg_type': 'status'}, 'buffers': [], 'metadata': {}}
2015-02-25 20:47:56.029 [IPControllerApp] WARNING | iopub::IOPub message lacks parent: {'parent_header': {}, 'msg_type': 'status', 'msg_id': '1f782d70-54a3-4c03-9da1-e02d2ddbcba6', 'content': {'execution_state': 'starting'}, 'header': {'date': datetime.datetime(2015, 2, 25, 20, 47, 56, 28559), 'username': 'root', 'session': '3f2c9bdf-0850-4169-b856-c9d24b2ae88f', 'msg_id': '1f782d70-54a3-4c03-9da1-e02d2ddbcba6', 'msg_type': 'status'}, 'buffers': [], 'metadata': {}}
2015-02-25 20:47:56.143 [IPControllerApp] WARNING | iopub::IOPub message lacks parent: {'parent_header': {}, 'msg_type': 'status', 'msg_id': '3e4fa374-f026-422f-8ea2-f1955279616a', 'content': {'execution_state': 'starting'}, 'header': {'date': datetime.datetime(2015, 2, 25, 20, 47, 56, 142107), 'username': 'root', 'session': '7b84abc9-1c6c-4eba-9963-4f14cf3c416b', 'msg_id': '3e4fa374-f026-422f-8ea2-f1955279616a', 'msg_type': 'status'}, 'buffers': [], 'metadata': {}}
2015-02-25 20:47:56.145 [IPControllerApp] WARNING | iopub::IOPub message lacks parent: {'parent_header': {}, 'msg_type': 'status', 'msg_id': 'c5a8a0c9-7334-403a-85d0-67ccf04fd8b9', 'content': {'execution_state': 'starting'}, 'header': {'date': datetime.datetime(2015, 2, 25, 20, 47, 56, 145209), 'username': 'root', 'session': '6143eaea-c21a-4ccc-9171-35197059f930', 'msg_id': 'c5a8a0c9-7334-403a-85d0-67ccf04fd8b9', 'msg_type': 'status'}, 'buffers': [], 'metadata': {}}
2015-02-25 20:48:00.612 [IPControllerApp] registration::finished registering engine 0:bf281fa1-39c1-4461-9b32-3930f2d5d500
2015-02-25 20:48:00.613 [IPControllerApp] engine::Engine Connected: 0
2015-02-25 20:48:00.614 [IPControllerApp] registration::finished registering engine 3:7b84abc9-1c6c-4eba-9963-4f14cf3c416b
2015-02-25 20:48:00.614 [IPControllerApp] engine::Engine Connected: 3
2015-02-25 20:48:00.615 [IPControllerApp] registration::finished registering engine 1:3f2c9bdf-0850-4169-b856-c9d24b2ae88f
2015-02-25 20:48:00.615 [IPControllerApp] engine::Engine Connected: 1
2015-02-25 20:48:00.615 [IPControllerApp] registration::finished registering engine 2:6143eaea-c21a-4ccc-9171-35197059f930
2015-02-25 20:48:00.616 [IPControllerApp] engine::Engine Connected: 2
2015-02-25 21:09:40.273 [IPControllerApp] CRITICAL | Received signal 2, shutting down
2015-02-25 21:09:40.273 [IPControllerApp] CRITICAL | terminating children...
