2015-02-26 19:29:38.847 [IPControllerApp] Hub listening on tcp://127.0.0.1:35254 for registration.
2015-02-26 19:29:38.850 [IPControllerApp] Hub using DB backend: 'NoDB'
2015-02-26 19:29:39.103 [IPControllerApp] hub::created hub
2015-02-26 19:29:39.103 [IPControllerApp] writing connection info to /home/johnb/.ipython/profile_default/security/ipcontroller-client.json
2015-02-26 19:29:39.105 [IPControllerApp] writing connection info to /home/johnb/.ipython/profile_default/security/ipcontroller-engine.json
2015-02-26 19:29:39.106 [IPControllerApp] task::using Python leastload Task scheduler
2015-02-26 19:29:39.106 [IPControllerApp] Heartmonitor started
2015-02-26 19:29:39.155 [IPControllerApp] Creating pid file: /home/johnb/.ipython/profile_default/pid/ipcontroller.pid
2015-02-26 19:29:39.161 [IPControllerApp] client::client '\x00\x1a`\x0b\x8f' requested 'connection_request'
2015-02-26 19:29:39.162 [IPControllerApp] client::client ['\x00\x1a`\x0b\x8f'] connected
2015-02-26 19:29:39.840 [IPControllerApp] client::client '0500db84-2c50-4796-b0f6-fedc7665b12f' requested 'registration_request'
2015-02-26 19:29:39.843 [IPControllerApp] client::client '32861d81-0b27-40c3-8bab-1793f08d95bc' requested 'registration_request'
2015-02-26 19:29:40.135 [IPControllerApp] WARNING | iopub::IOPub message lacks parent: {'parent_header': {}, 'msg_type': 'status', 'msg_id': '6147a1dd-6f3d-444a-9e82-97ffab08681f', 'content': {'execution_state': 'starting'}, 'header': {'date': datetime.datetime(2015, 2, 26, 19, 29, 40, 134624), 'username': 'root', 'session': '32861d81-0b27-40c3-8bab-1793f08d95bc', 'msg_id': '6147a1dd-6f3d-444a-9e82-97ffab08681f', 'msg_type': 'status'}, 'buffers': [], 'metadata': {}}
2015-02-26 19:29:40.137 [IPControllerApp] WARNING | iopub::IOPub message lacks parent: {'parent_header': {}, 'msg_type': 'status', 'msg_id': 'aed9a026-ea88-4e33-8d06-5c5957aa6f00', 'content': {'execution_state': 'starting'}, 'header': {'date': datetime.datetime(2015, 2, 26, 19, 29, 40, 136970), 'username': 'root', 'session': '0500db84-2c50-4796-b0f6-fedc7665b12f', 'msg_id': 'aed9a026-ea88-4e33-8d06-5c5957aa6f00', 'msg_type': 'status'}, 'buffers': [], 'metadata': {}}
2015-02-26 19:29:45.107 [IPControllerApp] registration::finished registering engine 1:32861d81-0b27-40c3-8bab-1793f08d95bc
2015-02-26 19:29:45.108 [IPControllerApp] engine::Engine Connected: 1
2015-02-26 19:29:45.109 [IPControllerApp] registration::finished registering engine 0:0500db84-2c50-4796-b0f6-fedc7665b12f
2015-02-26 19:29:45.109 [IPControllerApp] engine::Engine Connected: 0
2015-02-26 19:34:02.586 [IPControllerApp] CRITICAL | Received signal 2, shutting down
2015-02-26 19:34:02.586 [IPControllerApp] CRITICAL | terminating children...
